# JRE version: OpenJDK Runtime Environment (8.0_121-b14) (build 1.8.0_121-b14)
# Java VM: OpenJDK 64-Bit Server VM (25.121-b14 mixed mode linux-amd64 compressed oops)
Heap:
 PSYoungGen      total 36864K, used 15615K [0x00000000d6f00000, 0x00000000d9800000, 0x0000000100000000)
  eden space 31744K, 35% used [0x00000000d6f00000,0x00000000d7a10a60,0x00000000d8e00000)
  from space 5120K, 83% used [0x00000000d8e00000,0x00000000d922f1b0,0x00000000d9300000)
  to   space 5120K, 0% used [0x00000000d9300000,0x00000000d9300000,0x00000000d9800000)
 ParOldGen       total 84992K, used 32K [0x0000000084c00000, 0x0000000089f00000, 0x00000000d6f00000)
  object space 84992K, 0% used [0x0000000084c00000,0x0000000084c08000,0x0000000089f00000)
 Metaspace       used 17497K, capacity 17690K, committed 17920K, reserved 1064960K
  class space    used 1902K, capacity 1968K, committed 2048K, reserved 1048576K
GC Heap History (6 events):
Event: 14.190 GC heap before
{Heap before GC invocations=1 (full 0):
 PSYoungGen      total 36864K, used 31554K [0x00000000d6f00000, 0x00000000d9800000, 0x0000000100000000)
  eden space 31744K, 99% used [0x00000000d6f00000,0x00000000d8dd0900,0x00000000d8e00000)
  from space 5120K, 0% used [0x00000000d9300000,0x00000000d9300000,0x00000000d9800000)
  to   space 5120K, 0% used [0x00000000d8e00000,0x00000000d8e00000,0x00000000d9300000)
 ParOldGen       total 84992K, used 0K [0x0000000084c00000, 0x0000000089f00000, 0x00000000d6f00000)
  object space 84992K, 0% used [0x0000000084c00000,0x0000000084c00000,0x0000000089f00000)
 Metaspace       used 17376K, capacity 17562K, committed 17920K, reserved 1064960K
  class space    used 1899K, capacity 1968K, committed 2048K, reserved 1048576K
Event: 14.204 GC heap after
Heap after GC invocations=1 (full 0):
 PSYoungGen      total 36864K, used 4963K [0x00000000d6f00000, 0x00000000d9800000, 0x0000000100000000)
  eden space 31744K, 0% used [0x00000000d6f00000,0x00000000d6f00000,0x00000000d8e00000)
  from space 5120K, 96% used [0x00000000d8e00000,0x00000000d92d8d40,0x00000000d9300000)
  to   space 5120K, 0% used [0x00000000d9300000,0x00000000d9300000,0x00000000d9800000)
 ParOldGen       total 84992K, used 16K [0x0000000084c00000, 0x0000000089f00000, 0x00000000d6f00000)
  object space 84992K, 0% used [0x0000000084c00000,0x0000000084c04000,0x0000000089f00000)
 Metaspace       used 17376K, capacity 17562K, committed 17920K, reserved 1064960K
  class space    used 1899K, capacity 1968K, committed 2048K, reserved 1048576K
}
Event: 16.001 GC heap before
{Heap before GC invocations=2 (full 0):
 PSYoungGen      total 36864K, used 36143K [0x00000000d6f00000, 0x00000000d9800000, 0x0000000100000000)
  eden space 31744K, 98% used [0x00000000d6f00000,0x00000000d8d72ff0,0x00000000d8e00000)
  from space 5120K, 96% used [0x00000000d8e00000,0x00000000d92d8d40,0x00000000d9300000)
  to   space 5120K, 0% used [0x00000000d9300000,0x00000000d9300000,0x00000000d9800000)
 ParOldGen       total 84992K, used 16K [0x0000000084c00000, 0x0000000089f00000, 0x00000000d6f00000)
  object space 84992K, 0% used [0x0000000084c00000,0x0000000084c04000,0x0000000089f00000)
 Metaspace       used 17395K, capacity 17562K, committed 17920K, reserved 1064960K
  class space    used 1900K, capacity 1968K, committed 2048K, reserved 1048576K
Event: 16.007 GC heap after
Heap after GC invocations=2 (full 0):
 PSYoungGen      total 36864K, used 4141K [0x00000000d6f00000, 0x00000000d9800000, 0x0000000100000000)
  eden space 31744K, 0% used [0x00000000d6f00000,0x00000000d6f00000,0x00000000d8e00000)
  from space 5120K, 80% used [0x00000000d9300000,0x00000000d970b610,0x00000000d9800000)
  to   space 5120K, 0% used [0x00000000d8e00000,0x00000000d8e00000,0x00000000d9300000)
 ParOldGen       total 84992K, used 24K [0x0000000084c00000, 0x0000000089f00000, 0x00000000d6f00000)
  object space 84992K, 0% used [0x0000000084c00000,0x0000000084c06000,0x0000000089f00000)
 Metaspace       used 17395K, capacity 17562K, committed 17920K, reserved 1064960K
  class space    used 1900K, capacity 1968K, committed 2048K, reserved 1048576K
}
Event: 18.450 GC heap before
{Heap before GC invocations=3 (full 0):
 PSYoungGen      total 36864K, used 35666K [0x00000000d6f00000, 0x00000000d9800000, 0x0000000100000000)
  eden space 31744K, 99% used [0x00000000d6f00000,0x00000000d8dc9588,0x00000000d8e00000)
  from space 5120K, 80% used [0x00000000d9300000,0x00000000d970b610,0x00000000d9800000)
  to   space 5120K, 0% used [0x00000000d8e00000,0x00000000d8e00000,0x00000000d9300000)
 ParOldGen       total 84992K, used 24K [0x0000000084c00000, 0x0000000089f00000, 0x00000000d6f00000)
  object space 84992K, 0% used [0x0000000084c00000,0x0000000084c06000,0x0000000089f00000)
 Metaspace       used 17421K, capacity 17626K, committed 17920K, reserved 1064960K
  class space    used 1900K, capacity 1968K, committed 2048K, reserved 1048576K
Event: 18.454 GC heap after
Heap after GC invocations=3 (full 0):
 PSYoungGen      total 36864K, used 4284K [0x00000000d6f00000, 0x00000000d9800000, 0x0000000100000000)
  eden space 31744K, 0% used [0x00000000d6f00000,0x00000000d6f00000,0x00000000d8e00000)
  from space 5120K, 83% used [0x00000000d8e00000,0x00000000d922f1b0,0x00000000d9300000)
  to   space 5120K, 0% used [0x00000000d9300000,0x00000000d9300000,0x00000000d9800000)
 ParOldGen       total 84992K, used 32K [0x0000000084c00000, 0x0000000089f00000, 0x00000000d6f00000)
  object space 84992K, 0% used [0x0000000084c00000,0x0000000084c08000,0x0000000089f00000)
 Metaspace       used 17421K, capacity 17626K, committed 17920K, reserved 1064960K
  class space    used 1900K, capacity 1968K, committed 2048K, reserved 1048576K
}

