# JRE version: OpenJDK Runtime Environment (8.0_121-b14) (build 1.8.0_121-b14)
# Java VM: OpenJDK 64-Bit Server VM (25.121-b14 mixed mode linux-amd64 compressed oops)
Heap:
 PSYoungGen      total 35328K, used 10631K [0x00000000d6f00000, 0x00000000d9700000, 0x0000000100000000)
  eden space 30720K, 20% used [0x00000000d6f00000,0x00000000d751ed50,0x00000000d8d00000)
  from space 4608K, 94% used [0x00000000d9280000,0x00000000d96c2f40,0x00000000d9700000)
  to   space 5120K, 0% used [0x00000000d8d00000,0x00000000d8d00000,0x00000000d9200000)
 ParOldGen       total 84992K, used 56K [0x0000000084c00000, 0x0000000089f00000, 0x00000000d6f00000)
  object space 84992K, 0% used [0x0000000084c00000,0x0000000084c0e000,0x0000000089f00000)
 Metaspace       used 17720K, capacity 17918K, committed 18176K, reserved 1064960K
  class space    used 1911K, capacity 2000K, committed 2048K, reserved 1048576K
GC Heap History (10 events):
Event: 19.450 GC heap before
{Heap before GC invocations=2 (full 0):
 PSYoungGen      total 36864K, used 36185K [0x00000000d6f00000, 0x00000000d9800000, 0x0000000100000000)
  eden space 31744K, 98% used [0x00000000d6f00000,0x00000000d8d72f90,0x00000000d8e00000)
  from space 5120K, 97% used [0x00000000d8e00000,0x00000000d92e3820,0x00000000d9300000)
  to   space 5120K, 0% used [0x00000000d9300000,0x00000000d9300000,0x00000000d9800000)
 ParOldGen       total 84992K, used 16K [0x0000000084c00000, 0x0000000089f00000, 0x00000000d6f00000)
  object space 84992K, 0% used [0x0000000084c00000,0x0000000084c04000,0x0000000089f00000)
 Metaspace       used 17409K, capacity 17562K, committed 17920K, reserved 1064960K
  class space    used 1899K, capacity 1968K, committed 2048K, reserved 1048576K
Event: 19.458 GC heap after
Heap after GC invocations=2 (full 0):
 PSYoungGen      total 36864K, used 4285K [0x00000000d6f00000, 0x00000000d9800000, 0x0000000100000000)
  eden space 31744K, 0% used [0x00000000d6f00000,0x00000000d6f00000,0x00000000d8e00000)
  from space 5120K, 83% used [0x00000000d9300000,0x00000000d972f668,0x00000000d9800000)
  to   space 5120K, 0% used [0x00000000d8e00000,0x00000000d8e00000,0x00000000d9300000)
 ParOldGen       total 84992K, used 24K [0x0000000084c00000, 0x0000000089f00000, 0x00000000d6f00000)
  object space 84992K, 0% used [0x0000000084c00000,0x0000000084c06000,0x0000000089f00000)
 Metaspace       used 17409K, capacity 17562K, committed 17920K, reserved 1064960K
  class space    used 1899K, capacity 1968K, committed 2048K, reserved 1048576K
}
Event: 23.544 GC heap before
{Heap before GC invocations=3 (full 0):
 PSYoungGen      total 36864K, used 35812K [0x00000000d6f00000, 0x00000000d9800000, 0x0000000100000000)
  eden space 31744K, 99% used [0x00000000d6f00000,0x00000000d8dc9a40,0x00000000d8e00000)
  from space 5120K, 83% used [0x00000000d9300000,0x00000000d972f668,0x00000000d9800000)
  to   space 5120K, 0% used [0x00000000d8e00000,0x00000000d8e00000,0x00000000d9300000)
 ParOldGen       total 84992K, used 24K [0x0000000084c00000, 0x0000000089f00000, 0x00000000d6f00000)
  object space 84992K, 0% used [0x0000000084c00000,0x0000000084c06000,0x0000000089f00000)
 Metaspace       used 17429K, capacity 17626K, committed 17920K, reserved 1064960K
  class space    used 1899K, capacity 1968K, committed 2048K, reserved 1048576K
Event: 23.550 GC heap after
Heap after GC invocations=3 (full 0):
 PSYoungGen      total 36864K, used 4316K [0x00000000d6f00000, 0x00000000d9800000, 0x0000000100000000)
  eden space 31744K, 0% used [0x00000000d6f00000,0x00000000d6f00000,0x00000000d8e00000)
  from space 5120K, 84% used [0x00000000d8e00000,0x00000000d92371b0,0x00000000d9300000)
  to   space 5120K, 0% used [0x00000000d9300000,0x00000000d9300000,0x00000000d9800000)
 ParOldGen       total 84992K, used 32K [0x0000000084c00000, 0x0000000089f00000, 0x00000000d6f00000)
  object space 84992K, 0% used [0x0000000084c00000,0x0000000084c08000,0x0000000089f00000)
 Metaspace       used 17429K, capacity 17626K, committed 17920K, reserved 1064960K
  class space    used 1899K, capacity 1968K, committed 2048K, reserved 1048576K
}
Event: 28.404 GC heap before
{Heap before GC invocations=4 (full 0):
 PSYoungGen      total 36864K, used 35780K [0x00000000d6f00000, 0x00000000d9800000, 0x0000000100000000)
  eden space 31744K, 99% used [0x00000000d6f00000,0x00000000d8db9fd8,0x00000000d8e00000)
  from space 5120K, 84% used [0x00000000d8e00000,0x00000000d92371b0,0x00000000d9300000)
  to   space 5120K, 0% used [0x00000000d9300000,0x00000000d9300000,0x00000000d9800000)
 ParOldGen       total 84992K, used 32K [0x0000000084c00000, 0x0000000089f00000, 0x00000000d6f00000)
  object space 84992K, 0% used [0x0000000084c00000,0x0000000084c08000,0x0000000089f00000)
 Metaspace       used 17440K, capacity 17690K, committed 17920K, reserved 1064960K
  class space    used 1899K, capacity 1968K, committed 2048K, reserved 1048576K
Event: 28.419 GC heap after
Heap after GC invocations=4 (full 0):
 PSYoungGen      total 36864K, used 4235K [0x00000000d6f00000, 0x00000000d9800000, 0x0000000100000000)
  eden space 31744K, 0% used [0x00000000d6f00000,0x00000000d6f00000,0x00000000d8e00000)
  from space 5120K, 82% used [0x00000000d9300000,0x00000000d9722e68,0x00000000d9800000)
  to   space 5120K, 0% used [0x00000000d8e00000,0x00000000d8e00000,0x00000000d9300000)
 ParOldGen       total 84992K, used 40K [0x0000000084c00000, 0x0000000089f00000, 0x00000000d6f00000)
  object space 84992K, 0% used [0x0000000084c00000,0x0000000084c0a000,0x0000000089f00000)
 Metaspace       used 17440K, capacity 17690K, committed 17920K, reserved 1064960K
  class space    used 1899K, capacity 1968K, committed 2048K, reserved 1048576K
}
Event: 67.571 GC heap before
{Heap before GC invocations=5 (full 0):
 PSYoungGen      total 36864K, used 35266K [0x00000000d6f00000, 0x00000000d9800000, 0x0000000100000000)
  eden space 31744K, 97% used [0x00000000d6f00000,0x00000000d8d4dd30,0x00000000d8e00000)
  from space 5120K, 82% used [0x00000000d9300000,0x00000000d9722e68,0x00000000d9800000)
  to   space 5120K, 0% used [0x00000000d8e00000,0x00000000d8e00000,0x00000000d9300000)
 ParOldGen       total 84992K, used 40K [0x0000000084c00000, 0x0000000089f00000, 0x00000000d6f00000)
  object space 84992K, 0% used [0x0000000084c00000,0x0000000084c0a000,0x0000000089f00000)
 Metaspace       used 17637K, capacity 17822K, committed 18176K, reserved 1064960K
  class space    used 1906K, capacity 1968K, committed 2048K, reserved 1048576K
Event: 67.579 GC heap after
Heap after GC invocations=5 (full 0):
 PSYoungGen      total 35840K, used 4369K [0x00000000d6f00000, 0x00000000d9780000, 0x0000000100000000)
  eden space 31232K, 0% used [0x00000000d6f00000,0x00000000d6f00000,0x00000000d8d80000)
  from space 4608K, 94% used [0x00000000d8e00000,0x00000000d9244590,0x00000000d9280000)
  to   space 5120K, 0% used [0x00000000d9280000,0x00000000d9280000,0x00000000d9780000)
 ParOldGen       total 84992K, used 48K [0x0000000084c00000, 0x0000000089f00000, 0x00000000d6f00000)
  object space 84992K, 0% used [0x0000000084c00000,0x0000000084c0c000,0x0000000089f00000)
 Metaspace       used 17637K, capacity 17822K, committed 18176K, reserved 1064960K
  class space    used 1906K, capacity 1968K, committed 2048K, reserved 1048576K
}
Event: 69.392 GC heap before
{Heap before GC invocations=6 (full 0):
 PSYoungGen      total 35840K, used 35044K [0x00000000d6f00000, 0x00000000d9780000, 0x0000000100000000)
  eden space 31232K, 98% used [0x00000000d6f00000,0x00000000d8cf4df0,0x00000000d8d80000)
  from space 4608K, 94% used [0x00000000d8e00000,0x00000000d9244590,0x00000000d9280000)
  to   space 5120K, 0% used [0x00000000d9280000,0x00000000d9280000,0x00000000d9780000)
 ParOldGen       total 84992K, used 48K [0x0000000084c00000, 0x0000000089f00000, 0x00000000d6f00000)
  object space 84992K, 0% used [0x0000000084c00000,0x0000000084c0c000,0x0000000089f00000)
 Metaspace       used 17639K, capacity 17822K, committed 18176K, reserved 1064960K
  class space    used 1906K, capacity 1968K, committed 2048K, reserved 1048576K
Event: 69.401 GC heap after
Heap after GC invocations=6 (full 0):
 PSYoungGen      total 35328K, used 4363K [0x00000000d6f00000, 0x00000000d9700000, 0x0000000100000000)
  eden space 30720K, 0% used [0x00000000d6f00000,0x00000000d6f00000,0x00000000d8d00000)
  from space 4608K, 94% used [0x00000000d9280000,0x00000000d96c2f40,0x00000000d9700000)
  to   space 5120K, 0% used [0x00000000d8d00000,0x00000000d8d00000,0x00000000d9200000)
 ParOldGen       total 84992K, used 56K [0x0000000084c00000, 0x0000000089f00000, 0x00000000d6f00000)
  object space 84992K, 0% used [0x0000000084c00000,0x0000000084c0e000,0x0000000089f00000)
 Metaspace       used 17639K, capacity 17822K, committed 18176K, reserved 1064960K
  class space    used 1906K, capacity 1968K, committed 2048K, reserved 1048576K
}

